D:\MR\VSPROJECTS\VISION_EX\DEBUG\VISION_EX.EXE
D:\MR\VSPROJECTS\VISION_EX\DEBUG\VISION_EX.ILK
D:\MR\VSPROJECTS\VISION_EX\DEBUG\VISION_EX.PDB
D:\mr\VSProjects\vision_ex\vision_ex\Debug\cl.command.1.tlog
D:\mr\VSProjects\vision_ex\vision_ex\Debug\CL.read.1.tlog
D:\mr\VSProjects\vision_ex\vision_ex\Debug\CL.write.1.tlog
D:\MR\VSPROJECTS\VISION_EX\VISION_EX\DEBUG\CORRECT.OBJ
D:\MR\VSPROJECTS\VISION_EX\VISION_EX\DEBUG\DEBUG.OBJ
D:\mr\VSProjects\vision_ex\vision_ex\Debug\link.command.1.tlog
D:\mr\VSProjects\vision_ex\vision_ex\Debug\link.read.1.tlog
D:\mr\VSProjects\vision_ex\vision_ex\Debug\link.write.1.tlog
D:\MR\VSPROJECTS\VISION_EX\VISION_EX\DEBUG\MAIN.OBJ
D:\MR\VSPROJECTS\VISION_EX\VISION_EX\DEBUG\MATCH.OBJ
D:\mr\VSProjects\vision_ex\vision_ex\Debug\mt.command.1.tlog
D:\mr\VSProjects\vision_ex\vision_ex\Debug\mt.read.1.tlog
D:\mr\VSProjects\vision_ex\vision_ex\Debug\mt.write.1.tlog
D:\MR\VSPROJECTS\VISION_EX\VISION_EX\DEBUG\ONMOUSECORRECT.OBJ
D:\MR\VSPROJECTS\VISION_EX\VISION_EX\DEBUG\RANDOMADJUST.OBJ
D:\MR\VSPROJECTS\VISION_EX\VISION_EX\DEBUG\RESIZE.OBJ
D:\MR\VSPROJECTS\VISION_EX\VISION_EX\DEBUG\SIFT_DETECT.OBJ
D:\MR\VSPROJECTS\VISION_EX\VISION_EX\DEBUG\STITCHING.OBJ
D:\mr\VSProjects\vision_ex\vision_ex\Debug\vc100.idb
D:\MR\VSPROJECTS\VISION_EX\VISION_EX\DEBUG\VC100.PDB
D:\MR\VSPROJECTS\VISION_EX\VISION_EX\DEBUG\VISION_EX.EXE.INTERMEDIATE.MANIFEST
D:\mr\VSProjects\vision_ex\vision_ex\Debug\vision_ex.vcxprojResolveAssemblyReference.cache
D:\mr\VSProjects\vision_ex\vision_ex\Debug\vision_ex.write.1.tlog
